<?xml version="1.0" encoding="UTF-8"?>
<testng-results skipped="0" failed="0" total="1" passed="1">
  <reporter-output>
  </reporter-output>
  <suite name="Suite" duration-ms="96158" started-at="2016-06-16T22:09:09Z" finished-at="2016-06-16T22:10:45Z">
    <groups>
      <group name="cucumber">
        <method signature="AbstractTestNGCucumberTests.feature(cucumber.api.testng.CucumberFeatureWrapper)[pri:0, instance:com.automation.runner.TestRunner@6bdf28bb]" name="feature" class="cucumber.api.testng.AbstractTestNGCucumberTests"/>
      </group> <!-- cucumber -->
    </groups>
    <test name="Test" duration-ms="96158" started-at="2016-06-16T22:09:09Z" finished-at="2016-06-16T22:10:45Z">
      <class name="com.automation.runner.TestRunner">
        <test-method status="PASS" signature="setUpClass()[pri:0, instance:com.automation.runner.TestRunner@6bdf28bb]" name="setUpClass" is-config="true" duration-ms="680" started-at="2016-06-16T22:09:09Z" finished-at="2016-06-16T22:09:09Z">
        </test-method> <!-- setUpClass -->
        <test-method status="PASS" signature="feature(cucumber.api.testng.CucumberFeatureWrapper)[pri:0, instance:com.automation.runner.TestRunner@6bdf28bb]" name="feature" duration-ms="95281" started-at="2016-06-16T22:09:10Z" description="Runs Cucumber Feature" data-provider="features" finished-at="2016-06-16T22:10:45Z">
          <params>
            <param index="0">
              <value>
                <![CDATA[Use the Babylon Health app to find GP's]]>
              </value>
            </param>
          </params>
        </test-method> <!-- feature -->
        <test-method status="PASS" signature="tearDownClass()[pri:0, instance:com.automation.runner.TestRunner@6bdf28bb]" name="tearDownClass" is-config="true" duration-ms="9" started-at="2016-06-16T22:10:45Z" finished-at="2016-06-16T22:10:45Z">
        </test-method> <!-- tearDownClass -->
      </class> <!-- com.automation.runner.TestRunner -->
    </test> <!-- Test -->
  </suite> <!-- Suite -->
</testng-results>
